# JRE version: Java(TM) SE Runtime Environment (8.0_71-b15) (build 1.8.0_71-b15)
# Java VM: Java HotSpot(TM) 64-Bit Server VM (25.71-b15 mixed mode windows-amd64 compressed oops)
Heap:
 PSYoungGen      total 38400K, used 16205K [0x00000000d5b00000, 0x00000000d8580000, 0x0000000100000000)
  eden space 33280K, 48% used [0x00000000d5b00000,0x00000000d6ad3438,0x00000000d7b80000)
  from space 5120K, 0% used [0x00000000d7b80000,0x00000000d7b80000,0x00000000d8080000)
  to   space 5120K, 0% used [0x00000000d8080000,0x00000000d8080000,0x00000000d8580000)
 ParOldGen       total 35328K, used 1900K [0x0000000081000000, 0x0000000083280000, 0x00000000d5b00000)
  object space 35328K, 5% used [0x0000000081000000,0x00000000811db138,0x0000000083280000)
 Metaspace       used 14496K, capacity 15144K, committed 15232K, reserved 1062912K
  class space    used 1985K, capacity 2153K, committed 2176K, reserved 1048576K
GC Heap History (4 events):
Event: 3.865 GC heap before
{Heap before GC invocations=1 (full 0):
 PSYoungGen      total 38400K, used 14837K [0x00000000d5b00000, 0x00000000d8580000, 0x0000000100000000)
  eden space 33280K, 44% used [0x00000000d5b00000,0x00000000d697d7e8,0x00000000d7b80000)
  from space 5120K, 0% used [0x00000000d8080000,0x00000000d8080000,0x00000000d8580000)
  to   space 5120K, 0% used [0x00000000d7b80000,0x00000000d7b80000,0x00000000d8080000)
 ParOldGen       total 87552K, used 0K [0x0000000081000000, 0x0000000086580000, 0x00000000d5b00000)
  object space 87552K, 0% used [0x0000000081000000,0x0000000081000000,0x0000000086580000)
 Metaspace       used 8497K, capacity 8822K, committed 8960K, reserved 1060864K
  class space    used 1062K, capacity 1167K, committed 1280K, reserved 1048576K
Event: 3.868 GC heap after
Heap after GC invocations=1 (full 0):
 PSYoungGen      total 38400K, used 1984K [0x00000000d5b00000, 0x00000000d8580000, 0x0000000100000000)
  eden space 33280K, 0% used [0x00000000d5b00000,0x00000000d5b00000,0x00000000d7b80000)
  from space 5120K, 38% used [0x00000000d7b80000,0x00000000d7d70010,0x00000000d8080000)
  to   space 5120K, 0% used [0x00000000d8080000,0x00000000d8080000,0x00000000d8580000)
 ParOldGen       total 87552K, used 8K [0x0000000081000000, 0x0000000086580000, 0x00000000d5b00000)
  object space 87552K, 0% used [0x0000000081000000,0x0000000081002000,0x0000000086580000)
 Metaspace       used 8497K, capacity 8822K, committed 8960K, reserved 1060864K
  class space    used 1062K, capacity 1167K, committed 1280K, reserved 1048576K
}
Event: 3.868 GC heap before
{Heap before GC invocations=2 (full 1):
 PSYoungGen      total 38400K, used 1984K [0x00000000d5b00000, 0x00000000d8580000, 0x0000000100000000)
  eden space 33280K, 0% used [0x00000000d5b00000,0x00000000d5b00000,0x00000000d7b80000)
  from space 5120K, 38% used [0x00000000d7b80000,0x00000000d7d70010,0x00000000d8080000)
  to   space 5120K, 0% used [0x00000000d8080000,0x00000000d8080000,0x00000000d8580000)
 ParOldGen       total 87552K, used 8K [0x0000000081000000, 0x0000000086580000, 0x00000000d5b00000)
  object space 87552K, 0% used [0x0000000081000000,0x0000000081002000,0x0000000086580000)
 Metaspace       used 8497K, capacity 8822K, committed 8960K, reserved 1060864K
  class space    used 1062K, capacity 1167K, committed 1280K, reserved 1048576K
Event: 3.884 GC heap after
Heap after GC invocations=2 (full 1):
 PSYoungGen      total 38400K, used 0K [0x00000000d5b00000, 0x00000000d8580000, 0x0000000100000000)
  eden space 33280K, 0% used [0x00000000d5b00000,0x00000000d5b00000,0x00000000d7b80000)
  from space 5120K, 0% used [0x00000000d7b80000,0x00000000d7b80000,0x00000000d8080000)
  to   space 5120K, 0% used [0x00000000d8080000,0x00000000d8080000,0x00000000d8580000)
 ParOldGen       total 35328K, used 1900K [0x0000000081000000, 0x0000000083280000, 0x00000000d5b00000)
  object space 35328K, 5% used [0x0000000081000000,0x00000000811db138,0x0000000083280000)
 Metaspace       used 8497K, capacity 8822K, committed 8960K, reserved 1058816K
  class space    used 1062K, capacity 1167K, committed 1280K, reserved 1048576K
}

