# JRE version: Java(TM) SE Runtime Environment (8.0_71-b15) (build 1.8.0_71-b15)
# Java VM: Java HotSpot(TM) 64-Bit Server VM (25.71-b15 mixed mode windows-amd64 compressed oops)
Heap:
 PSYoungGen      total 25088K, used 17181K [0x00000000d5b00000, 0x00000000d7480000, 0x0000000100000000)
  eden space 24064K, 71% used [0x00000000d5b00000,0x00000000d6bbf730,0x00000000d7280000)
  from space 1024K, 3% used [0x00000000d7280000,0x00000000d7288000,0x00000000d7380000)
  to   space 1024K, 0% used [0x00000000d7380000,0x00000000d7380000,0x00000000d7480000)
 ParOldGen       total 87552K, used 1856K [0x0000000081000000, 0x0000000086580000, 0x00000000d5b00000)
  object space 87552K, 2% used [0x0000000081000000,0x00000000811d00c8,0x0000000086580000)
 Metaspace       used 11997K, capacity 12192K, committed 12288K, reserved 1060864K
  class space    used 1417K, capacity 1490K, committed 1536K, reserved 1048576K
GC Heap History (10 events):
Event: 657.107 GC heap before
{Heap before GC invocations=37 (full 0):
 PSYoungGen      total 25088K, used 24096K [0x00000000d5b00000, 0x00000000d7480000, 0x0000000100000000)
  eden space 24064K, 100% used [0x00000000d5b00000,0x00000000d7280000,0x00000000d7280000)
  from space 1024K, 3% used [0x00000000d7380000,0x00000000d7388000,0x00000000d7480000)
  to   space 1024K, 0% used [0x00000000d7280000,0x00000000d7280000,0x00000000d7380000)
 ParOldGen       total 87552K, used 1856K [0x0000000081000000, 0x0000000086580000, 0x00000000d5b00000)
  object space 87552K, 2% used [0x0000000081000000,0x00000000811d00c8,0x0000000086580000)
 Metaspace       used 11997K, capacity 12192K, committed 12288K, reserved 1060864K
  class space    used 1417K, capacity 1490K, committed 1536K, reserved 1048576K
Event: 657.108 GC heap after
Heap after GC invocations=37 (full 0):
 PSYoungGen      total 25088K, used 32K [0x00000000d5b00000, 0x00000000d7480000, 0x0000000100000000)
  eden space 24064K, 0% used [0x00000000d5b00000,0x00000000d5b00000,0x00000000d7280000)
  from space 1024K, 3% used [0x00000000d7280000,0x00000000d7288000,0x00000000d7380000)
  to   space 1024K, 0% used [0x00000000d7380000,0x00000000d7380000,0x00000000d7480000)
 ParOldGen       total 87552K, used 1856K [0x0000000081000000, 0x0000000086580000, 0x00000000d5b00000)
  object space 87552K, 2% used [0x0000000081000000,0x00000000811d00c8,0x0000000086580000)
 Metaspace       used 11997K, capacity 12192K, committed 12288K, reserved 1060864K
  class space    used 1417K, capacity 1490K, committed 1536K, reserved 1048576K
}
Event: 672.458 GC heap before
{Heap before GC invocations=38 (full 0):
 PSYoungGen      total 25088K, used 24096K [0x00000000d5b00000, 0x00000000d7480000, 0x0000000100000000)
  eden space 24064K, 100% used [0x00000000d5b00000,0x00000000d7280000,0x00000000d7280000)
  from space 1024K, 3% used [0x00000000d7280000,0x00000000d7288000,0x00000000d7380000)
  to   space 1024K, 0% used [0x00000000d7380000,0x00000000d7380000,0x00000000d7480000)
 ParOldGen       total 87552K, used 1856K [0x0000000081000000, 0x0000000086580000, 0x00000000d5b00000)
  object space 87552K, 2% used [0x0000000081000000,0x00000000811d00c8,0x0000000086580000)
 Metaspace       used 11997K, capacity 12192K, committed 12288K, reserved 1060864K
  class space    used 1417K, capacity 1490K, committed 1536K, reserved 1048576K
Event: 672.459 GC heap after
Heap after GC invocations=38 (full 0):
 PSYoungGen      total 25088K, used 32K [0x00000000d5b00000, 0x00000000d7480000, 0x0000000100000000)
  eden space 24064K, 0% used [0x00000000d5b00000,0x00000000d5b00000,0x00000000d7280000)
  from space 1024K, 3% used [0x00000000d7380000,0x00000000d7388000,0x00000000d7480000)
  to   space 1024K, 0% used [0x00000000d7280000,0x00000000d7280000,0x00000000d7380000)
 ParOldGen       total 87552K, used 1856K [0x0000000081000000, 0x0000000086580000, 0x00000000d5b00000)
  object space 87552K, 2% used [0x0000000081000000,0x00000000811d00c8,0x0000000086580000)
 Metaspace       used 11997K, capacity 12192K, committed 12288K, reserved 1060864K
  class space    used 1417K, capacity 1490K, committed 1536K, reserved 1048576K
}
Event: 687.860 GC heap before
{Heap before GC invocations=39 (full 0):
 PSYoungGen      total 25088K, used 24096K [0x00000000d5b00000, 0x00000000d7480000, 0x0000000100000000)
  eden space 24064K, 100% used [0x00000000d5b00000,0x00000000d7280000,0x00000000d7280000)
  from space 1024K, 3% used [0x00000000d7380000,0x00000000d7388000,0x00000000d7480000)
  to   space 1024K, 0% used [0x00000000d7280000,0x00000000d7280000,0x00000000d7380000)
 ParOldGen       total 87552K, used 1856K [0x0000000081000000, 0x0000000086580000, 0x00000000d5b00000)
  object space 87552K, 2% used [0x0000000081000000,0x00000000811d00c8,0x0000000086580000)
 Metaspace       used 11997K, capacity 12192K, committed 12288K, reserved 1060864K
  class space    used 1417K, capacity 1490K, committed 1536K, reserved 1048576K
Event: 687.861 GC heap after
Heap after GC invocations=39 (full 0):
 PSYoungGen      total 25088K, used 32K [0x00000000d5b00000, 0x00000000d7480000, 0x0000000100000000)
  eden space 24064K, 0% used [0x00000000d5b00000,0x00000000d5b00000,0x00000000d7280000)
  from space 1024K, 3% used [0x00000000d7280000,0x00000000d7288000,0x00000000d7380000)
  to   space 1024K, 0% used [0x00000000d7380000,0x00000000d7380000,0x00000000d7480000)
 ParOldGen       total 87552K, used 1856K [0x0000000081000000, 0x0000000086580000, 0x00000000d5b00000)
  object space 87552K, 2% used [0x0000000081000000,0x00000000811d00c8,0x0000000086580000)
 Metaspace       used 11997K, capacity 12192K, committed 12288K, reserved 1060864K
  class space    used 1417K, capacity 1490K, committed 1536K, reserved 1048576K
}
Event: 703.369 GC heap before
{Heap before GC invocations=40 (full 0):
 PSYoungGen      total 25088K, used 24096K [0x00000000d5b00000, 0x00000000d7480000, 0x0000000100000000)
  eden space 24064K, 100% used [0x00000000d5b00000,0x00000000d7280000,0x00000000d7280000)
  from space 1024K, 3% used [0x00000000d7280000,0x00000000d7288000,0x00000000d7380000)
  to   space 1024K, 0% used [0x00000000d7380000,0x00000000d7380000,0x00000000d7480000)
 ParOldGen       total 87552K, used 1856K [0x0000000081000000, 0x0000000086580000, 0x00000000d5b00000)
  object space 87552K, 2% used [0x0000000081000000,0x00000000811d00c8,0x0000000086580000)
 Metaspace       used 11997K, capacity 12192K, committed 12288K, reserved 1060864K
  class space    used 1417K, capacity 1490K, committed 1536K, reserved 1048576K
Event: 703.369 GC heap after
Heap after GC invocations=40 (full 0):
 PSYoungGen      total 25088K, used 64K [0x00000000d5b00000, 0x00000000d7480000, 0x0000000100000000)
  eden space 24064K, 0% used [0x00000000d5b00000,0x00000000d5b00000,0x00000000d7280000)
  from space 1024K, 6% used [0x00000000d7380000,0x00000000d7390000,0x00000000d7480000)
  to   space 1024K, 0% used [0x00000000d7280000,0x00000000d7280000,0x00000000d7380000)
 ParOldGen       total 87552K, used 1856K [0x0000000081000000, 0x0000000086580000, 0x00000000d5b00000)
  object space 87552K, 2% used [0x0000000081000000,0x00000000811d00c8,0x0000000086580000)
 Metaspace       used 11997K, capacity 12192K, committed 12288K, reserved 1060864K
  class space    used 1417K, capacity 1490K, committed 1536K, reserved 1048576K
}
Event: 718.780 GC heap before
{Heap before GC invocations=41 (full 0):
 PSYoungGen      total 25088K, used 24128K [0x00000000d5b00000, 0x00000000d7480000, 0x0000000100000000)
  eden space 24064K, 100% used [0x00000000d5b00000,0x00000000d7280000,0x00000000d7280000)
  from space 1024K, 6% used [0x00000000d7380000,0x00000000d7390000,0x00000000d7480000)
  to   space 1024K, 0% used [0x00000000d7280000,0x00000000d7280000,0x00000000d7380000)
 ParOldGen       total 87552K, used 1856K [0x0000000081000000, 0x0000000086580000, 0x00000000d5b00000)
  object space 87552K, 2% used [0x0000000081000000,0x00000000811d00c8,0x0000000086580000)
 Metaspace       used 11997K, capacity 12192K, committed 12288K, reserved 1060864K
  class space    used 1417K, capacity 1490K, committed 1536K, reserved 1048576K
Event: 718.781 GC heap after
Heap after GC invocations=41 (full 0):
 PSYoungGen      total 25088K, used 32K [0x00000000d5b00000, 0x00000000d7480000, 0x0000000100000000)
  eden space 24064K, 0% used [0x00000000d5b00000,0x00000000d5b00000,0x00000000d7280000)
  from space 1024K, 3% used [0x00000000d7280000,0x00000000d7288000,0x00000000d7380000)
  to   space 1024K, 0% used [0x00000000d7380000,0x00000000d7380000,0x00000000d7480000)
 ParOldGen       total 87552K, used 1856K [0x0000000081000000, 0x0000000086580000, 0x00000000d5b00000)
  object space 87552K, 2% used [0x0000000081000000,0x00000000811d00c8,0x0000000086580000)
 Metaspace       used 11997K, capacity 12192K, committed 12288K, reserved 1060864K
  class space    used 1417K, capacity 1490K, committed 1536K, reserved 1048576K
}

